\BOOKMARK [0][-]{Doc-Start}{Title}{}% 1
\BOOKMARK [0][-]{chapter*.1}{Contents}{}% 2
\BOOKMARK [0][-]{chapter*.2}{List of Figures}{}% 3
\BOOKMARK [0][-]{chapter*.3}{List of Tables}{}% 4
\BOOKMARK [0][-]{chapter*.4}{List of Algorithms}{}% 5
\BOOKMARK [0][-]{chapter*.5}{Overview Statements}{}% 6
\BOOKMARK [1][-]{section.0.1}{Mission Statement}{chapter*.5}% 7
\BOOKMARK [1][-]{section.0.2}{Elevator Pitch}{chapter*.5}% 8
\BOOKMARK [0][-]{chapter*.6}{Document Preparation and Updates}{}% 9
\BOOKMARK [0][-]{chapter.1}{Overview and concept of operations}{}% 10
\BOOKMARK [1][-]{section.1.1}{Team Members and Team Name}{chapter.1}% 11
\BOOKMARK [1][-]{section.1.2}{Resumes}{chapter.1}% 12
\BOOKMARK [1][-]{section.1.3}{Client}{chapter.1}% 13
\BOOKMARK [1][-]{section.1.4}{Project}{chapter.1}% 14
\BOOKMARK [2][-]{subsection.1.4.1}{Purpose of the System}{section.1.4}% 15
\BOOKMARK [1][-]{section.1.5}{Business Need}{chapter.1}% 16
\BOOKMARK [1][-]{section.1.6}{Deliverables}{chapter.1}% 17
\BOOKMARK [1][-]{section.1.7}{System Description}{chapter.1}% 18
\BOOKMARK [2][-]{subsection.1.7.1}{Major System Component \0431}{section.1.7}% 19
\BOOKMARK [2][-]{subsection.1.7.2}{Major System Component \0432}{section.1.7}% 20
\BOOKMARK [2][-]{subsection.1.7.3}{Major System Component \0433}{section.1.7}% 21
\BOOKMARK [1][-]{section.1.8}{Systems Goals}{chapter.1}% 22
\BOOKMARK [1][-]{section.1.9}{System Overview and Diagram}{chapter.1}% 23
\BOOKMARK [1][-]{section.1.10}{Technologies Overview}{chapter.1}% 24
\BOOKMARK [0][-]{chapter.2}{User Stories, Requirements, and Product Backlog}{}% 25
\BOOKMARK [1][-]{section.2.1}{Overview}{chapter.2}% 26
\BOOKMARK [1][-]{section.2.2}{User Stories}{chapter.2}% 27
\BOOKMARK [2][-]{subsection.2.2.1}{User Story \0431 Original}{section.2.2}% 28
\BOOKMARK [2][-]{subsection.2.2.2}{User Story \0431 Revised}{section.2.2}% 29
\BOOKMARK [2][-]{subsection.2.2.3}{User Story \0432 Original}{section.2.2}% 30
\BOOKMARK [2][-]{subsection.2.2.4}{User Story \0432 Revised}{section.2.2}% 31
\BOOKMARK [2][-]{subsection.2.2.5}{User Story \0433 Original}{section.2.2}% 32
\BOOKMARK [2][-]{subsection.2.2.6}{User Story \0433 Revised}{section.2.2}% 33
\BOOKMARK [2][-]{subsection.2.2.7}{User Story \0434 Original}{section.2.2}% 34
\BOOKMARK [2][-]{subsection.2.2.8}{User Story \0434 Revised}{section.2.2}% 35
\BOOKMARK [2][-]{subsection.2.2.9}{User Story \0434 Breakdown}{section.2.2}% 36
\BOOKMARK [1][-]{section.2.3}{Requirements and Design Constraints}{chapter.2}% 37
\BOOKMARK [2][-]{subsection.2.3.1}{System Requirements}{section.2.3}% 38
\BOOKMARK [2][-]{subsection.2.3.2}{Network Requirements}{section.2.3}% 39
\BOOKMARK [2][-]{subsection.2.3.3}{Development Environment Requirements}{section.2.3}% 40
\BOOKMARK [2][-]{subsection.2.3.4}{Project Management Methodology}{section.2.3}% 41
\BOOKMARK [1][-]{section.2.4}{Specifications}{chapter.2}% 42
\BOOKMARK [1][-]{section.2.5}{Product Backlog}{chapter.2}% 43
\BOOKMARK [1][-]{section.2.6}{Research or Proof of Concept Results}{chapter.2}% 44
\BOOKMARK [1][-]{section.2.7}{Supporting Material}{chapter.2}% 45
\BOOKMARK [0][-]{chapter.3}{Project Overview}{}% 46
\BOOKMARK [1][-]{section.3.1}{Team Member's Roles}{chapter.3}% 47
\BOOKMARK [1][-]{section.3.2}{Project Management Approach}{chapter.3}% 48
\BOOKMARK [1][-]{section.3.3}{ Stakeholder Information}{chapter.3}% 49
\BOOKMARK [2][-]{subsection.3.3.1}{Customer or End User \(Product Owner\)}{section.3.3}% 50
\BOOKMARK [2][-]{subsection.3.3.2}{Management or Instructor \(Scrum Master\)}{section.3.3}% 51
\BOOKMARK [2][-]{subsection.3.3.3}{Investors}{section.3.3}% 52
\BOOKMARK [2][-]{subsection.3.3.4}{Developers \205Testers}{section.3.3}% 53
\BOOKMARK [1][-]{section.3.4}{Budget}{chapter.3}% 54
\BOOKMARK [1][-]{section.3.5}{Intellectual Property and Licensing}{chapter.3}% 55
\BOOKMARK [1][-]{section.3.6}{Sprint Overview}{chapter.3}% 56
\BOOKMARK [1][-]{section.3.7}{Terminology and Acronyms}{chapter.3}% 57
\BOOKMARK [1][-]{section.3.8}{Sprint Schedule}{chapter.3}% 58
\BOOKMARK [1][-]{section.3.9}{Timeline}{chapter.3}% 59
\BOOKMARK [1][-]{section.3.10}{Backlogs}{chapter.3}% 60
\BOOKMARK [1][-]{section.3.11}{Burndown Charts}{chapter.3}% 61
\BOOKMARK [1][-]{section.3.12}{Development Environment}{chapter.3}% 62
\BOOKMARK [1][-]{section.3.13}{Development IDE and Tools}{chapter.3}% 63
\BOOKMARK [1][-]{section.3.14}{Source Control}{chapter.3}% 64
\BOOKMARK [1][-]{section.3.15}{Dependencies}{chapter.3}% 65
\BOOKMARK [1][-]{section.3.16}{Build Environment}{chapter.3}% 66
\BOOKMARK [1][-]{section.3.17}{Development Machine Setup}{chapter.3}% 67
\BOOKMARK [0][-]{chapter.4}{Design and Implementation}{}% 68
\BOOKMARK [1][-]{section.4.1}{Architecture and System Design}{chapter.4}% 69
\BOOKMARK [2][-]{subsection.4.1.1}{Design Selection}{section.4.1}% 70
\BOOKMARK [2][-]{subsection.4.1.2}{Data Structures and Algorithms}{section.4.1}% 71
\BOOKMARK [2][-]{subsection.4.1.3}{Data Flow}{section.4.1}% 72
\BOOKMARK [2][-]{subsection.4.1.4}{Communications}{section.4.1}% 73
\BOOKMARK [2][-]{subsection.4.1.5}{Classes}{section.4.1}% 74
\BOOKMARK [1][-]{section.4.2}{ Movement }{chapter.4}% 75
\BOOKMARK [2][-]{subsection.4.2.1}{Technologies Used}{section.4.2}% 76
\BOOKMARK [2][-]{subsection.4.2.2}{Component Overview}{section.4.2}% 77
\BOOKMARK [2][-]{subsection.4.2.3}{ Architecture Diagram}{section.4.2}% 78
\BOOKMARK [2][-]{subsection.4.2.4}{Design Details}{section.4.2}% 79
\BOOKMARK [1][-]{section.4.3}{Paintings }{chapter.4}% 80
\BOOKMARK [2][-]{subsection.4.3.1}{Technologies Used}{section.4.3}% 81
\BOOKMARK [2][-]{subsection.4.3.2}{Component Overview}{section.4.3}% 82
\BOOKMARK [2][-]{subsection.4.3.3}{Design Details}{section.4.3}% 83
\BOOKMARK [1][-]{section.4.4}{Gallery }{chapter.4}% 84
\BOOKMARK [2][-]{subsection.4.4.1}{Technologies Used}{section.4.4}% 85
\BOOKMARK [2][-]{subsection.4.4.2}{Component Overview}{section.4.4}% 86
\BOOKMARK [2][-]{subsection.4.4.3}{ Architecture Diagram}{section.4.4}% 87
\BOOKMARK [2][-]{subsection.4.4.4}{Design Details}{section.4.4}% 88
\BOOKMARK [1][-]{section.4.5}{Text Descriptions}{chapter.4}% 89
\BOOKMARK [2][-]{subsection.4.5.1}{Technologies Used}{section.4.5}% 90
\BOOKMARK [2][-]{subsection.4.5.2}{Component Overview}{section.4.5}% 91
\BOOKMARK [2][-]{subsection.4.5.3}{Architecture Diagram}{section.4.5}% 92
\BOOKMARK [2][-]{subsection.4.5.4}{Data Flow Diagram}{section.4.5}% 93
\BOOKMARK [2][-]{subsection.4.5.5}{Design Details}{section.4.5}% 94
\BOOKMARK [1][-]{section.4.6}{Alternate Environment}{chapter.4}% 95
\BOOKMARK [2][-]{subsection.4.6.1}{Technologies Used}{section.4.6}% 96
\BOOKMARK [2][-]{subsection.4.6.2}{Component Overview}{section.4.6}% 97
\BOOKMARK [2][-]{subsection.4.6.3}{Architecture Diagram}{section.4.6}% 98
\BOOKMARK [2][-]{subsection.4.6.4}{Design Details}{section.4.6}% 99
\BOOKMARK [0][-]{chapter.5}{System and Unit Testing}{}% 100
\BOOKMARK [1][-]{section.5.1}{Overview}{chapter.5}% 101
\BOOKMARK [1][-]{section.5.2}{Dependencies}{chapter.5}% 102
\BOOKMARK [1][-]{section.5.3}{Test Setup and Execution}{chapter.5}% 103
\BOOKMARK [1][-]{section.5.4}{System Testing}{chapter.5}% 104
\BOOKMARK [1][-]{section.5.5}{System Integration Analysis}{chapter.5}% 105
\BOOKMARK [1][-]{section.5.6}{Risk Analysis}{chapter.5}% 106
\BOOKMARK [2][-]{subsection.5.6.1}{Risk Mitigation}{section.5.6}% 107
\BOOKMARK [1][-]{section.5.7}{Successes, Issues and Problems}{chapter.5}% 108
\BOOKMARK [2][-]{subsection.5.7.1}{Changes to the Backlog}{section.5.7}% 109
\BOOKMARK [0][-]{chapter.6}{Prototypes}{}% 110
\BOOKMARK [1][-]{section.6.1}{Sprint 1 Prototype}{chapter.6}% 111
\BOOKMARK [2][-]{subsection.6.1.1}{Deliverable}{section.6.1}% 112
\BOOKMARK [2][-]{subsection.6.1.2}{Backlog}{section.6.1}% 113
\BOOKMARK [2][-]{subsection.6.1.3}{Success/Fail}{section.6.1}% 114
\BOOKMARK [1][-]{section.6.2}{Sprint 2 Prototype}{chapter.6}% 115
\BOOKMARK [2][-]{subsection.6.2.1}{Deliverable}{section.6.2}% 116
\BOOKMARK [2][-]{subsection.6.2.2}{Backlog}{section.6.2}% 117
\BOOKMARK [2][-]{subsection.6.2.3}{Success/Fail}{section.6.2}% 118
\BOOKMARK [1][-]{section.6.3}{Sprint 3 Prototype}{chapter.6}% 119
\BOOKMARK [2][-]{subsection.6.3.1}{Deliverable}{section.6.3}% 120
\BOOKMARK [2][-]{subsection.6.3.2}{Backlog}{section.6.3}% 121
\BOOKMARK [2][-]{subsection.6.3.3}{Success/Fail}{section.6.3}% 122
\BOOKMARK [1][-]{section.6.4}{Sprint 4 Prototype}{chapter.6}% 123
\BOOKMARK [2][-]{subsection.6.4.1}{Deliverable}{section.6.4}% 124
\BOOKMARK [2][-]{subsection.6.4.2}{Backlog}{section.6.4}% 125
\BOOKMARK [2][-]{subsection.6.4.3}{Success/Fail}{section.6.4}% 126
\BOOKMARK [1][-]{section.6.5}{Sprint 5 Prototype}{chapter.6}% 127
\BOOKMARK [2][-]{subsection.6.5.1}{Deliverable}{section.6.5}% 128
\BOOKMARK [2][-]{subsection.6.5.2}{Backlog}{section.6.5}% 129
\BOOKMARK [2][-]{subsection.6.5.3}{Success/Fail}{section.6.5}% 130
\BOOKMARK [0][-]{chapter.7}{Release \205 Setup \205 Deployment}{}% 131
\BOOKMARK [1][-]{section.7.1}{Deployment Information and Dependencies}{chapter.7}% 132
\BOOKMARK [1][-]{section.7.2}{Setup Information}{chapter.7}% 133
\BOOKMARK [2][-]{subsection.7.2.1}{Occulus SDK Installation}{section.7.2}% 134
\BOOKMARK [2][-]{subsection.7.2.2}{Occulus Drivers-Windows}{section.7.2}% 135
\BOOKMARK [2][-]{subsection.7.2.3}{Occulus Drivers-Mac}{section.7.2}% 136
\BOOKMARK [2][-]{subsection.7.2.4}{Setting Up Occulus Rift Hardware}{section.7.2}% 137
\BOOKMARK [2][-]{subsection.7.2.5}{Unreal 4 Developement Engine}{section.7.2}% 138
\BOOKMARK [1][-]{section.7.3}{System Versioning Information}{chapter.7}% 139
\BOOKMARK [0][-]{chapter.8}{User Documentation}{}% 140
\BOOKMARK [1][-]{section.8.1}{Installation Guide}{chapter.8}% 141
\BOOKMARK [2][-]{subsection.8.1.1}{Occulus SDK Installation}{section.8.1}% 142
\BOOKMARK [2][-]{subsection.8.1.2}{Occulus Drivers-Windows}{section.8.1}% 143
\BOOKMARK [2][-]{subsection.8.1.3}{Occulus Drivers-Mac}{section.8.1}% 144
\BOOKMARK [2][-]{subsection.8.1.4}{Setting Up Occulus Rift Hardware}{section.8.1}% 145
\BOOKMARK [2][-]{subsection.8.1.5}{Unreal 4 Developement Engine}{section.8.1}% 146
\BOOKMARK [1][-]{section.8.2}{User Guide}{chapter.8}% 147
\BOOKMARK [2][-]{subsection.8.2.1}{Running Virual Museum}{section.8.2}% 148
\BOOKMARK [2][-]{subsection.8.2.2}{Using Oculus Rift}{section.8.2}% 149
\BOOKMARK [2][-]{subsection.8.2.3}{Using Free Movement}{section.8.2}% 150
\BOOKMARK [2][-]{subsection.8.2.4}{Using On Rails Movement}{section.8.2}% 151
\BOOKMARK [2][-]{subsection.8.2.5}{Interacting with Text Descriptions}{section.8.2}% 152
\BOOKMARK [2][-]{subsection.8.2.6}{Using Secondary Enviornment}{section.8.2}% 153
\BOOKMARK [1][-]{section.8.3}{Programmer Manual}{chapter.8}% 154
\BOOKMARK [2][-]{subsection.8.3.1}{Unreal 4 Editor}{section.8.3}% 155
\BOOKMARK [2][-]{subsection.8.3.2}{Reading Blue Prints}{section.8.3}% 156
\BOOKMARK [0][-]{chapter.9}{Class Index}{}% 157
\BOOKMARK [1][-]{section.9.1}{Class List}{chapter.9}% 158
\BOOKMARK [0][-]{chapter.10}{Class Documentation}{}% 159
\BOOKMARK [1][-]{section.10.1}{Poly Class Reference}{chapter.10}% 160
\BOOKMARK [2][-]{subsection.10.1.1}{Constructor \046 Destructor Documentation}{section.10.1}% 161
\BOOKMARK [2][-]{subsection.10.1.2}{Member Function Documentation}{section.10.1}% 162
\BOOKMARK [0][-]{chapter.11}{Business Plan}{}% 163
\BOOKMARK [1][-]{section.11.1}{Business Model}{chapter.11}% 164
\BOOKMARK [1][-]{section.11.2}{Market and Competition}{chapter.11}% 165
\BOOKMARK [1][-]{section.11.3}{Regulatory environment}{chapter.11}% 166
\BOOKMARK [1][-]{section.11.4}{Intellectual Property and Freedom to Operate}{chapter.11}% 167
\BOOKMARK [1][-]{section.11.5}{Management Team and Advisors}{chapter.11}% 168
\BOOKMARK [1][-]{section.11.6}{Sources and Uses of Capital}{chapter.11}% 169
\BOOKMARK [1][-]{section.11.7}{Financial Statements}{chapter.11}% 170
\BOOKMARK [1][-]{section.11.8}{Metrics and Milestones}{chapter.11}% 171
\BOOKMARK [1][-]{section.11.9}{Exit Plan}{chapter.11}% 172
\BOOKMARK [0][-]{chapter.12}{Experimental Log}{}% 173
\BOOKMARK [0][-]{chapter.13}{Research Results}{}% 174
\BOOKMARK [1][-]{section.13.1}{Result 1}{chapter.13}% 175
\BOOKMARK [1][-]{section.13.2}{Result 2}{chapter.13}% 176
\BOOKMARK [1][-]{section.13.3}{Conclusions}{chapter.13}% 177
\BOOKMARK [1][-]{section.13.4}{Further work}{chapter.13}% 178
\BOOKMARK [0][-]{chapter*.7}{Bibliography}{}% 179
\BOOKMARK [0][-]{chapter.14}{Software Agreement}{}% 180
\BOOKMARK [0][-]{appendix.A}{Product Description}{}% 181
\BOOKMARK [0][-]{appendix.B}{Publications}{}% 182
\BOOKMARK [0][-]{appendix.C}{Sprint Reports}{}% 183
\BOOKMARK [1][-]{section.C.1}{Sprint Report \0431}{appendix.C}% 184
